# JRE version: 7.0_13-b20
# Java VM: Java HotSpot(TM) 64-Bit Server VM (23.7-b01 mixed mode windows-amd64 compressed oops)
Heap
 PSYoungGen      total 970880K, used 91052K [0x00000007c0960000, 0x00000007ff840000, 0x0000000800000000)
  eden space 919936K, 9% used [0x00000007c0960000,0x00000007c60d8788,0x00000007f8bc0000)
  from space 50944K, 2% used [0x00000007fc680000,0x00000007fc7f2a58,0x00000007ff840000)
  to   space 55552K, 0% used [0x00000007f8bc0000,0x00000007f8bc0000,0x00000007fc200000)
 ParOldGen       total 386304K, used 182713K [0x0000000741c00000, 0x0000000759540000, 0x00000007c0960000)
  object space 386304K, 47% used [0x0000000741c00000,0x000000074ce6e560,0x0000000759540000)
 PSPermGen       total 44416K, used 20200K [0x000000073ca00000, 0x000000073f560000, 0x0000000741c00000)
  object space 44416K, 45% used [0x000000073ca00000,0x000000073ddba030,0x000000073f560000)
GC Heap History (10 events):
Event: 23.771 GC heap before
{Heap before GC invocations=26 (full 2):
 PSYoungGen      total 955328K, used 576K [0x00000007c0960000, 0x0000000800000000, 0x0000000800000000)
  eden space 908416K, 0% used [0x00000007c0960000,0x00000007c0960000,0x00000007f8080000)
  from space 46912K, 1% used [0x00000007fd230000,0x00000007fd2c0000,0x0000000800000000)
  to   space 65280K, 0% used [0x00000007f8080000,0x00000007f8080000,0x00000007fc040000)
 ParOldGen       total 223360K, used 187906K [0x0000000741c00000, 0x000000074f620000, 0x00000007c0960000)
  object space 223360K, 84% used [0x0000000741c00000,0x000000074d380b40,0x000000074f620000)
 PSPermGen       total 39232K, used 19485K [0x000000073ca00000, 0x000000073f050000, 0x0000000741c00000)
  object space 39232K, 49% used [0x000000073ca00000,0x000000073dd07600,0x000000073f050000)
Event: 24.198 GC heap after
Heap after GC invocations=26 (full 2):
 PSYoungGen      total 955328K, used 0K [0x00000007c0960000, 0x0000000800000000, 0x0000000800000000)
  eden space 908416K, 0% used [0x00000007c0960000,0x00000007c0960000,0x00000007f8080000)
  from space 46912K, 0% used [0x00000007fd230000,0x00000007fd230000,0x0000000800000000)
  to   space 65280K, 0% used [0x00000007f8080000,0x00000007f8080000,0x00000007fc040000)
 ParOldGen       total 386304K, used 182705K [0x0000000741c00000, 0x0000000759540000, 0x00000007c0960000)
  object space 386304K, 47% used [0x0000000741c00000,0x000000074ce6c560,0x0000000759540000)
 PSPermGen       total 44416K, used 19485K [0x000000073ca00000, 0x000000073f560000, 0x0000000741c00000)
  object space 44416K, 43% used [0x000000073ca00000,0x000000073dd07600,0x000000073f560000)
}
Event: 25.695 GC heap before
{Heap before GC invocations=27 (full 2):
 PSYoungGen      total 955328K, used 908416K [0x00000007c0960000, 0x0000000800000000, 0x0000000800000000)
  eden space 908416K, 100% used [0x00000007c0960000,0x00000007f8080000,0x00000007f8080000)
  from space 46912K, 0% used [0x00000007fd230000,0x00000007fd230000,0x0000000800000000)
  to   space 65280K, 0% used [0x00000007f8080000,0x00000007f8080000,0x00000007fc040000)
 ParOldGen       total 386304K, used 182705K [0x0000000741c00000, 0x0000000759540000, 0x00000007c0960000)
  object space 386304K, 47% used [0x0000000741c00000,0x000000074ce6c560,0x0000000759540000)
 PSPermGen       total 44416K, used 19485K [0x000000073ca00000, 0x000000073f560000, 0x0000000741c00000)
  object space 44416K, 43% used [0x000000073ca00000,0x000000073dd07600,0x000000073f560000)
Event: 25.697 GC heap after
Heap after GC invocations=27 (full 2):
 PSYoungGen      total 973696K, used 576K [0x00000007c0960000, 0x0000000800000000, 0x0000000800000000)
  eden space 908416K, 0% used [0x00000007c0960000,0x00000007c0960000,0x00000007f8080000)
  from space 65280K, 0% used [0x00000007f8080000,0x00000007f8110000,0x00000007fc040000)
  to   space 63168K, 0% used [0x00000007fc250000,0x00000007fc250000,0x0000000800000000)
 ParOldGen       total 386304K, used 182705K [0x0000000741c00000, 0x0000000759540000, 0x00000007c0960000)
  object space 386304K, 47% used [0x0000000741c00000,0x000000074ce6c560,0x0000000759540000)
 PSPermGen       total 44416K, used 19485K [0x000000073ca00000, 0x000000073f560000, 0x0000000741c00000)
  object space 44416K, 43% used [0x000000073ca00000,0x000000073dd07600,0x000000073f560000)
}
Event: 27.197 GC heap before
{Heap before GC invocations=28 (full 2):
 PSYoungGen      total 973696K, used 908992K [0x00000007c0960000, 0x0000000800000000, 0x0000000800000000)
  eden space 908416K, 100% used [0x00000007c0960000,0x00000007f8080000,0x00000007f8080000)
  from space 65280K, 0% used [0x00000007f8080000,0x00000007f8110000,0x00000007fc040000)
  to   space 63168K, 0% used [0x00000007fc250000,0x00000007fc250000,0x0000000800000000)
 ParOldGen       total 386304K, used 182705K [0x0000000741c00000, 0x0000000759540000, 0x00000007c0960000)
  object space 386304K, 47% used [0x0000000741c00000,0x000000074ce6c560,0x0000000759540000)
 PSPermGen       total 44416K, used 19485K [0x000000073ca00000, 0x000000073f560000, 0x0000000741c00000)
  object space 44416K, 43% used [0x000000073ca00000,0x000000073dd07600,0x000000073f560000)
Event: 27.199 GC heap after
Heap after GC invocations=28 (full 2):
 PSYoungGen      total 966848K, used 608K [0x00000007c0960000, 0x00000007ff950000, 0x0000000800000000)
  eden space 910528K, 0% used [0x00000007c0960000,0x00000007c0960000,0x00000007f8290000)
  from space 56320K, 1% used [0x00000007fc250000,0x00000007fc2e8000,0x00000007ff950000)
  to   space 60800K, 0% used [0x00000007f8290000,0x00000007f8290000,0x00000007fbdf0000)
 ParOldGen       total 386304K, used 182705K [0x0000000741c00000, 0x0000000759540000, 0x00000007c0960000)
  object space 386304K, 47% used [0x0000000741c00000,0x000000074ce6c560,0x0000000759540000)
 PSPermGen       total 44416K, used 19485K [0x000000073ca00000, 0x000000073f560000, 0x0000000741c00000)
  object space 44416K, 43% used [0x000000073ca00000,0x000000073dd07600,0x000000073f560000)
}
Event: 28.923 GC heap before
{Heap before GC invocations=29 (full 2):
 PSYoungGen      total 966848K, used 911136K [0x00000007c0960000, 0x00000007ff950000, 0x0000000800000000)
  eden space 910528K, 100% used [0x00000007c0960000,0x00000007f8290000,0x00000007f8290000)
  from space 56320K, 1% used [0x00000007fc250000,0x00000007fc2e8000,0x00000007ff950000)
  to   space 60800K, 0% used [0x00000007f8290000,0x00000007f8290000,0x00000007fbdf0000)
 ParOldGen       total 386304K, used 182705K [0x0000000741c00000, 0x0000000759540000, 0x00000007c0960000)
  object space 386304K, 47% used [0x0000000741c00000,0x000000074ce6c560,0x0000000759540000)
 PSPermGen       total 44416K, used 19517K [0x000000073ca00000, 0x000000073f560000, 0x0000000741c00000)
  object space 44416K, 43% used [0x000000073ca00000,0x000000073dd0f7e0,0x000000073f560000)
Event: 28.926 GC heap after
Heap after GC invocations=29 (full 2):
 PSYoungGen      total 971328K, used 992K [0x00000007c0960000, 0x00000007fff60000, 0x0000000800000000)
  eden space 910528K, 0% used [0x00000007c0960000,0x00000007c0960000,0x00000007f8290000)
  from space 60800K, 1% used [0x00000007f8290000,0x00000007f8388000,0x00000007fbdf0000)
  to   space 58240K, 0% used [0x00000007fc680000,0x00000007fc680000,0x00000007fff60000)
 ParOldGen       total 386304K, used 182705K [0x0000000741c00000, 0x0000000759540000, 0x00000007c0960000)
  object space 386304K, 47% used [0x0000000741c00000,0x000000074ce6c560,0x0000000759540000)
 PSPermGen       total 44416K, used 19517K [0x000000073ca00000, 0x000000073f560000, 0x0000000741c00000)
  object space 44416K, 43% used [0x000000073ca00000,0x000000073dd0f7e0,0x000000073f560000)
}
Event: 95.492 GC heap before
{Heap before GC invocations=30 (full 2):
 PSYoungGen      total 971328K, used 911520K [0x00000007c0960000, 0x00000007fff60000, 0x0000000800000000)
  eden space 910528K, 100% used [0x00000007c0960000,0x00000007f8290000,0x00000007f8290000)
  from space 60800K, 1% used [0x00000007f8290000,0x00000007f8388000,0x00000007fbdf0000)
  to   space 58240K, 0% used [0x00000007fc680000,0x00000007fc680000,0x00000007fff60000)
 ParOldGen       total 386304K, used 182705K [0x0000000741c00000, 0x0000000759540000, 0x00000007c0960000)
  object space 386304K, 47% used [0x0000000741c00000,0x000000074ce6c560,0x0000000759540000)
 PSPermGen       total 44416K, used 20115K [0x000000073ca00000, 0x000000073f560000, 0x0000000741c00000)
  object space 44416K, 45% used [0x000000073ca00000,0x000000073dda4d38,0x000000073f560000)
Event: 95.494 GC heap after
Heap after GC invocations=30 (full 2):
 PSYoungGen      total 970880K, used 1482K [0x00000007c0960000, 0x00000007ff840000, 0x0000000800000000)
  eden space 919936K, 0% used [0x00000007c0960000,0x00000007c0960000,0x00000007f8bc0000)
  from space 50944K, 2% used [0x00000007fc680000,0x00000007fc7f2a58,0x00000007ff840000)
  to   space 55552K, 0% used [0x00000007f8bc0000,0x00000007f8bc0000,0x00000007fc200000)
 ParOldGen       total 386304K, used 182713K [0x0000000741c00000, 0x0000000759540000, 0x00000007c0960000)
  object space 386304K, 47% used [0x0000000741c00000,0x000000074ce6e560,0x0000000759540000)
 PSPermGen       total 44416K, used 20115K [0x000000073ca00000, 0x000000073f560000, 0x0000000741c00000)
  object space 44416K, 45% used [0x000000073ca00000,0x000000073dda4d38,0x000000073f560000)
}

